<?xml version="1.0" encoding="UTF-8"?>
<!-- Generated by org.testng.reporters.JUnitReportReporter -->
<testsuite skipped="0" hostname="localhost.localdomain" name="main.Framework_001" tests="1" failures="0" timestamp="27 Feb 2018 12:22:12 GMT" time="0.278" errors="0">
  <testcase name="main" time="0.278" classname="main.Framework_001"/>
</testsuite> <!-- main.Framework_001 -->
