<?xml version="1.0" encoding="UTF-8"?>
<!-- Generated by org.testng.reporters.JUnitReportReporter -->
<testsuite skipped="0" hostname="localhost.localdomain" name="main.Framework_001" tests="1" failures="0" timestamp="01 Mar 2018 10:16:27 GMT" time="5.066" errors="0">
  <testcase name="main" time="5.066" classname="main.Framework_001"/>
</testsuite> <!-- main.Framework_001 -->
