<?xml version="1.0" encoding="UTF-8"?>
<!-- Generated by org.testng.reporters.JUnitReportReporter -->
<testsuite skipped="0" hostname="localhost.localdomain" name="main.Framework_001" tests="1" failures="0" timestamp="28 Feb 2018 05:52:50 GMT" time="2.346" errors="0">
  <testcase name="main" time="2.346" classname="main.Framework_001"/>
</testsuite> <!-- main.Framework_001 -->
