<?xml version="1.0" encoding="UTF-8"?>
<!-- Generated by org.testng.reporters.JUnitReportReporter -->
<testsuite skipped="0" hostname="localhost.localdomain" name="main.Framework_001" tests="1" failures="0" timestamp="07 Mar 2018 04:24:21 GMT" time="7.049" errors="0">
  <testcase name="main" time="7.049" classname="main.Framework_001"/>
</testsuite> <!-- main.Framework_001 -->
